<?xml version="1.0" encoding="UTF-8" standalone="no"?>
<testsuite failures="0" name="cucumber.runtime.formatter.JUnitFormatter" skipped="0" tests="4" time="0">
    <testcase classname="Free CRM application testing" name="Login with incorrect username and correct password" time="0">
        <system-out><![CDATA[Given This is a invalid login test..........................................skipped
]]></system-out>
    </testcase>
    <testcase classname="Free CRM application testing" name="Create a tasks" time="0">
        <system-out><![CDATA[Given This is a tasks test case.............................................skipped
]]></system-out>
    </testcase>
    <testcase classname="Free CRM application testing" name="validate a report" time="0">
        <system-out><![CDATA[Given This is a report test.................................................skipped
]]></system-out>
    </testcase>
    <testcase classname="Free CRM application testing" name="browser closed" time="0">
        <system-out><![CDATA[Given This is a close broswer test..........................................skipped
]]></system-out>
    </testcase>
</testsuite>
